{ Error: Cannot find module './config.json'
    at Function.Module._resolveFilename (internal/modules/cjs/loader.js:636:15)
    at Module.Hook._require.Module.require (/usr/lib/node_modules/pm2/node_modules/require-in-the-middle/index.js:61:29)
    at require (internal/modules/cjs/helpers.js:25:18)
    at Object.<anonymous> (/home/mohammad/mernBackend/App.js:7:18)
    at Module._compile (internal/modules/cjs/loader.js:778:30)
    at Object.Module._extensions..js (internal/modules/cjs/loader.js:789:10)
    at Module.load (internal/modules/cjs/loader.js:653:32)
    at tryModuleLoad (internal/modules/cjs/loader.js:593:12)
    at Function.Module._load (internal/modules/cjs/loader.js:585:3)
    at Object.<anonymous> (/usr/lib/node_modules/pm2/lib/ProcessContainerFork.js:32:23) code: 'MODULE_NOT_FOUND' }
{ Error: Cannot find module './config.json'
    at Function.Module._resolveFilename (internal/modules/cjs/loader.js:636:15)
    at Module.Hook._require.Module.require (/usr/lib/node_modules/pm2/node_modules/require-in-the-middle/index.js:61:29)
    at require (internal/modules/cjs/helpers.js:25:18)
    at Object.<anonymous> (/home/mohammad/mernBackend/App.js:7:18)
    at Module._compile (internal/modules/cjs/loader.js:778:30)
    at Object.Module._extensions..js (internal/modules/cjs/loader.js:789:10)
    at Module.load (internal/modules/cjs/loader.js:653:32)
    at tryModuleLoad (internal/modules/cjs/loader.js:593:12)
    at Function.Module._load (internal/modules/cjs/loader.js:585:3)
    at Object.<anonymous> (/usr/lib/node_modules/pm2/lib/ProcessContainerFork.js:32:23) code: 'MODULE_NOT_FOUND' }
{ Error: Cannot find module './config.json'
    at Function.Module._resolveFilename (internal/modules/cjs/loader.js:636:15)
    at Module.Hook._require.Module.require (/usr/lib/node_modules/pm2/node_modules/require-in-the-middle/index.js:61:29)
    at require (internal/modules/cjs/helpers.js:25:18)
    at Object.<anonymous> (/home/mohammad/mernBackend/App.js:7:18)
    at Module._compile (internal/modules/cjs/loader.js:778:30)
    at Object.Module._extensions..js (internal/modules/cjs/loader.js:789:10)
    at Module.load (internal/modules/cjs/loader.js:653:32)
    at tryModuleLoad (internal/modules/cjs/loader.js:593:12)
    at Function.Module._load (internal/modules/cjs/loader.js:585:3)
    at Object.<anonymous> (/usr/lib/node_modules/pm2/lib/ProcessContainerFork.js:32:23) code: 'MODULE_NOT_FOUND' }
{ Error: Cannot find module './config.json'
    at Function.Module._resolveFilename (internal/modules/cjs/loader.js:636:15)
    at Module.Hook._require.Module.require (/usr/lib/node_modules/pm2/node_modules/require-in-the-middle/index.js:61:29)
    at require (internal/modules/cjs/helpers.js:25:18)
    at Object.<anonymous> (/home/mohammad/mernBackend/App.js:7:18)
    at Module._compile (internal/modules/cjs/loader.js:778:30)
    at Object.Module._extensions..js (internal/modules/cjs/loader.js:789:10)
    at Module.load (internal/modules/cjs/loader.js:653:32)
    at tryModuleLoad (internal/modules/cjs/loader.js:593:12)
    at Function.Module._load (internal/modules/cjs/loader.js:585:3)
    at Object.<anonymous> (/usr/lib/node_modules/pm2/lib/ProcessContainerFork.js:32:23) code: 'MODULE_NOT_FOUND' }
{ Error: Cannot find module './config.json'
    at Function.Module._resolveFilename (internal/modules/cjs/loader.js:636:15)
    at Module.Hook._require.Module.require (/usr/lib/node_modules/pm2/node_modules/require-in-the-middle/index.js:61:29)
    at require (internal/modules/cjs/helpers.js:25:18)
    at Object.<anonymous> (/home/mohammad/mernBackend/App.js:7:18)
    at Module._compile (internal/modules/cjs/loader.js:778:30)
    at Object.Module._extensions..js (internal/modules/cjs/loader.js:789:10)
    at Module.load (internal/modules/cjs/loader.js:653:32)
    at tryModuleLoad (internal/modules/cjs/loader.js:593:12)
    at Function.Module._load (internal/modules/cjs/loader.js:585:3)
    at Object.<anonymous> (/usr/lib/node_modules/pm2/lib/ProcessContainerFork.js:32:23) code: 'MODULE_NOT_FOUND' }
{ Error: Cannot find module './config.json'
    at Function.Module._resolveFilename (internal/modules/cjs/loader.js:636:15)
    at Module.Hook._require.Module.require (/usr/lib/node_modules/pm2/node_modules/require-in-the-middle/index.js:61:29)
    at require (internal/modules/cjs/helpers.js:25:18)
    at Object.<anonymous> (/home/mohammad/mernBackend/App.js:7:18)
    at Module._compile (internal/modules/cjs/loader.js:778:30)
    at Object.Module._extensions..js (internal/modules/cjs/loader.js:789:10)
    at Module.load (internal/modules/cjs/loader.js:653:32)
    at tryModuleLoad (internal/modules/cjs/loader.js:593:12)
    at Function.Module._load (internal/modules/cjs/loader.js:585:3)
    at Object.<anonymous> (/usr/lib/node_modules/pm2/lib/ProcessContainerFork.js:32:23) code: 'MODULE_NOT_FOUND' }
{ Error: Cannot find module './config.json'
    at Function.Module._resolveFilename (internal/modules/cjs/loader.js:636:15)
    at Module.Hook._require.Module.require (/usr/lib/node_modules/pm2/node_modules/require-in-the-middle/index.js:61:29)
    at require (internal/modules/cjs/helpers.js:25:18)
    at Object.<anonymous> (/home/mohammad/mernBackend/App.js:7:18)
    at Module._compile (internal/modules/cjs/loader.js:778:30)
    at Object.Module._extensions..js (internal/modules/cjs/loader.js:789:10)
    at Module.load (internal/modules/cjs/loader.js:653:32)
    at tryModuleLoad (internal/modules/cjs/loader.js:593:12)
    at Function.Module._load (internal/modules/cjs/loader.js:585:3)
    at Object.<anonymous> (/usr/lib/node_modules/pm2/lib/ProcessContainerFork.js:32:23) code: 'MODULE_NOT_FOUND' }
{ Error: Cannot find module './config.json'
    at Function.Module._resolveFilename (internal/modules/cjs/loader.js:636:15)
    at Module.Hook._require.Module.require (/usr/lib/node_modules/pm2/node_modules/require-in-the-middle/index.js:61:29)
    at require (internal/modules/cjs/helpers.js:25:18)
    at Object.<anonymous> (/home/mohammad/mernBackend/App.js:7:18)
    at Module._compile (internal/modules/cjs/loader.js:778:30)
    at Object.Module._extensions..js (internal/modules/cjs/loader.js:789:10)
    at Module.load (internal/modules/cjs/loader.js:653:32)
    at tryModuleLoad (internal/modules/cjs/loader.js:593:12)
    at Function.Module._load (internal/modules/cjs/loader.js:585:3)
    at Object.<anonymous> (/usr/lib/node_modules/pm2/lib/ProcessContainerFork.js:32:23) code: 'MODULE_NOT_FOUND' }
{ Error: Cannot find module './config.json'
    at Function.Module._resolveFilename (internal/modules/cjs/loader.js:636:15)
    at Module.Hook._require.Module.require (/usr/lib/node_modules/pm2/node_modules/require-in-the-middle/index.js:61:29)
    at require (internal/modules/cjs/helpers.js:25:18)
    at Object.<anonymous> (/home/mohammad/mernBackend/App.js:7:18)
    at Module._compile (internal/modules/cjs/loader.js:778:30)
    at Object.Module._extensions..js (internal/modules/cjs/loader.js:789:10)
    at Module.load (internal/modules/cjs/loader.js:653:32)
    at tryModuleLoad (internal/modules/cjs/loader.js:593:12)
    at Function.Module._load (internal/modules/cjs/loader.js:585:3)
    at Object.<anonymous> (/usr/lib/node_modules/pm2/lib/ProcessContainerFork.js:32:23) code: 'MODULE_NOT_FOUND' }
{ Error: Cannot find module './config.json'
    at Function.Module._resolveFilename (internal/modules/cjs/loader.js:636:15)
    at Module.Hook._require.Module.require (/usr/lib/node_modules/pm2/node_modules/require-in-the-middle/index.js:61:29)
    at require (internal/modules/cjs/helpers.js:25:18)
    at Object.<anonymous> (/home/mohammad/mernBackend/App.js:7:18)
    at Module._compile (internal/modules/cjs/loader.js:778:30)
    at Object.Module._extensions..js (internal/modules/cjs/loader.js:789:10)
    at Module.load (internal/modules/cjs/loader.js:653:32)
    at tryModuleLoad (internal/modules/cjs/loader.js:593:12)
    at Function.Module._load (internal/modules/cjs/loader.js:585:3)
    at Object.<anonymous> (/usr/lib/node_modules/pm2/lib/ProcessContainerFork.js:32:23) code: 'MODULE_NOT_FOUND' }
{ Error: Cannot find module './config.json'
    at Function.Module._resolveFilename (internal/modules/cjs/loader.js:636:15)
    at Module.Hook._require.Module.require (/usr/lib/node_modules/pm2/node_modules/require-in-the-middle/index.js:61:29)
    at require (internal/modules/cjs/helpers.js:25:18)
    at Object.<anonymous> (/home/mohammad/mernBackend/App.js:7:18)
    at Module._compile (internal/modules/cjs/loader.js:778:30)
    at Object.Module._extensions..js (internal/modules/cjs/loader.js:789:10)
    at Module.load (internal/modules/cjs/loader.js:653:32)
    at tryModuleLoad (internal/modules/cjs/loader.js:593:12)
    at Function.Module._load (internal/modules/cjs/loader.js:585:3)
    at Object.<anonymous> (/usr/lib/node_modules/pm2/lib/ProcessContainerFork.js:32:23) code: 'MODULE_NOT_FOUND' }
{ Error: Cannot find module './config.json'
    at Function.Module._resolveFilename (internal/modules/cjs/loader.js:636:15)
    at Module.Hook._require.Module.require (/usr/lib/node_modules/pm2/node_modules/require-in-the-middle/index.js:61:29)
    at require (internal/modules/cjs/helpers.js:25:18)
    at Object.<anonymous> (/home/mohammad/mernBackend/App.js:7:18)
    at Module._compile (internal/modules/cjs/loader.js:778:30)
    at Object.Module._extensions..js (internal/modules/cjs/loader.js:789:10)
    at Module.load (internal/modules/cjs/loader.js:653:32)
    at tryModuleLoad (internal/modules/cjs/loader.js:593:12)
    at Function.Module._load (internal/modules/cjs/loader.js:585:3)
    at Object.<anonymous> (/usr/lib/node_modules/pm2/lib/ProcessContainerFork.js:32:23) code: 'MODULE_NOT_FOUND' }
{ Error: Cannot find module './config.json'
    at Function.Module._resolveFilename (internal/modules/cjs/loader.js:636:15)
    at Module.Hook._require.Module.require (/usr/lib/node_modules/pm2/node_modules/require-in-the-middle/index.js:61:29)
    at require (internal/modules/cjs/helpers.js:25:18)
    at Object.<anonymous> (/home/mohammad/mernBackend/App.js:7:18)
    at Module._compile (internal/modules/cjs/loader.js:778:30)
    at Object.Module._extensions..js (internal/modules/cjs/loader.js:789:10)
    at Module.load (internal/modules/cjs/loader.js:653:32)
    at tryModuleLoad (internal/modules/cjs/loader.js:593:12)
    at Function.Module._load (internal/modules/cjs/loader.js:585:3)
    at Object.<anonymous> (/usr/lib/node_modules/pm2/lib/ProcessContainerFork.js:32:23) code: 'MODULE_NOT_FOUND' }
{ Error: Cannot find module './config.json'
    at Function.Module._resolveFilename (internal/modules/cjs/loader.js:636:15)
    at Module.Hook._require.Module.require (/usr/lib/node_modules/pm2/node_modules/require-in-the-middle/index.js:61:29)
    at require (internal/modules/cjs/helpers.js:25:18)
    at Object.<anonymous> (/home/mohammad/mernBackend/App.js:7:18)
    at Module._compile (internal/modules/cjs/loader.js:778:30)
    at Object.Module._extensions..js (internal/modules/cjs/loader.js:789:10)
    at Module.load (internal/modules/cjs/loader.js:653:32)
    at tryModuleLoad (internal/modules/cjs/loader.js:593:12)
    at Function.Module._load (internal/modules/cjs/loader.js:585:3)
    at Object.<anonymous> (/usr/lib/node_modules/pm2/lib/ProcessContainerFork.js:32:23) code: 'MODULE_NOT_FOUND' }
{ Error: Cannot find module './config.json'
    at Function.Module._resolveFilename (internal/modules/cjs/loader.js:636:15)
    at Module.Hook._require.Module.require (/usr/lib/node_modules/pm2/node_modules/require-in-the-middle/index.js:61:29)
    at require (internal/modules/cjs/helpers.js:25:18)
    at Object.<anonymous> (/home/mohammad/mernBackend/App.js:7:18)
    at Module._compile (internal/modules/cjs/loader.js:778:30)
    at Object.Module._extensions..js (internal/modules/cjs/loader.js:789:10)
    at Module.load (internal/modules/cjs/loader.js:653:32)
    at tryModuleLoad (internal/modules/cjs/loader.js:593:12)
    at Function.Module._load (internal/modules/cjs/loader.js:585:3)
    at Object.<anonymous> (/usr/lib/node_modules/pm2/lib/ProcessContainerFork.js:32:23) code: 'MODULE_NOT_FOUND' }
{ Error: Cannot find module './config.json'
    at Function.Module._resolveFilename (internal/modules/cjs/loader.js:636:15)
    at Module.Hook._require.Module.require (/usr/lib/node_modules/pm2/node_modules/require-in-the-middle/index.js:61:29)
    at require (internal/modules/cjs/helpers.js:25:18)
    at Object.<anonymous> (/home/mohammad/mernBackend/App.js:7:18)
    at Module._compile (internal/modules/cjs/loader.js:778:30)
    at Object.Module._extensions..js (internal/modules/cjs/loader.js:789:10)
    at Module.load (internal/modules/cjs/loader.js:653:32)
    at tryModuleLoad (internal/modules/cjs/loader.js:593:12)
    at Function.Module._load (internal/modules/cjs/loader.js:585:3)
    at Object.<anonymous> (/usr/lib/node_modules/pm2/lib/ProcessContainerFork.js:32:23) code: 'MODULE_NOT_FOUND' }
